11:25:09 | Draft Starting
11:25:09 | able to open file
11:25:09 | able to open file
11:25:09 | able to open file
11:25:09 | able to open file
11:25:09 | able to open file
11:25:09 | able to open file
11:25:09 | able to open file
11:25:09 | able to open file
11:25:09 | Socket open on 7095! Listening...
11:25:09 | #  | Name                     | Pos | Rank | Team | Pick | Ovrall | ADP |
11:25:09 | 01 | Christian McCaffrey      | RB  | 001  | CAR  | 000  | 000    | 001 | 
02 | Saquon Barkley           | RB  | 002  | NYG  | 000  | 000    | 002 | 
03 | Michael Thomas           | WR  | 003  | NO   | 000  | 000    | 007 | 
04 | Ezekiel Elliott          | RB  | 004  | DAL  | 000  | 000    | 003 | 
05 | Derrick Henry            | RB  | 005  | TEN  | 000  | 000    | 006 | 
06 | Alvin Kamara             | RB  | 006  | NO   | 000  | 000    | 005 | 
07 | Dalvin Cook              | RB  | 007  | MIN  | 000  | 000    | 004 | 
08 | Joe Mixon                | RB  | 008  | CIN  | 000  | 000    | 011 | 
09 | Tyreek Hill              | WR  | 009  | KC   | 000  | 000    | 008 | 
10 | Davante Adams            | WR  | 010  | GB   | 000  | 000    | 012 | 
11 | Nick Chubb               | RB  | 011  | CLE  | 000  | 000    | 014 | 
12 | Julio Jones              | WR  | 012  | ATL  | 000  | 000    | 013 | 
13 | Josh Jacobs              | RB  | 013  | LV   | 000  | 000    | 009 | 
14 | DeAndre Hopkins          | WR  | 014  | ARI  | 000  | 000    | 010 | 
15 | Chris Godwin             | WR  | 015  | TB   | 000  | 000    | 016 | 
16 | Travis Kelce             | TE  | 016  | KC   | 000  | 000    | 017 | 
17 | Kenny Golladay           | WR  | 017  | DET  | 000  | 000    | 020 | 
18 | George Kittle            | TE  | 018  | SF   | 000  | 000    | 018 | 
19 | Aaron Jones              | RB  | 019  | GB   | 000  | 000    | 015 | 
20 | Kenyan Drake             | RB  | 020  | ARI  | 000  | 000    | 025 | 

